{"/home/burn/GoStack/2020/Study/bootcamp/module03/06-gobarber-web/src/components/Button/index.tsx": {"path":"/home/burn/GoStack/2020/Study/bootcamp/module03/06-gobarber-web/src/components/Button/index.tsx","statementMap":{"0":{"start":{"line":9,"column":38},"end":{"line":13,"column":1}},"1":{"start":{"line":10,"column":2},"end":{"line":12,"column":14}}},"fnMap":{"0":{"name":"(anonymous_0)","decl":{"start":{"line":9,"column":38},"end":{"line":9,"column":39}},"loc":{"start":{"line":10,"column":2},"end":{"line":12,"column":14}},"line":10}},"branchMap":{"0":{"loc":{"start":{"line":11,"column":5},"end":{"line":11,"column":41}},"type":"cond-expr","locations":[{"start":{"line":11,"column":15},"end":{"line":11,"column":30}},{"start":{"line":11,"column":33},"end":{"line":11,"column":41}}],"line":11}},"s":{"0":1,"1":3},"f":{"0":3},"b":{"0":[0,3]},"_coverageSchema":"43e27e138ebf9cfc5966b082cf9a028302ed4184","hash":"2c207e35063eac654d294a4c4167fd98e9e8c22c"}
,"/home/burn/GoStack/2020/Study/bootcamp/module03/06-gobarber-web/src/components/Input/index.tsx": {"path":"/home/burn/GoStack/2020/Study/bootcamp/module03/06-gobarber-web/src/components/Input/index.tsx","statementMap":{"0":{"start":{"line":20,"column":36},"end":{"line":73,"column":1}},"1":{"start":{"line":26,"column":19},"end":{"line":26,"column":49}},"2":{"start":{"line":27,"column":36},"end":{"line":27,"column":51}},"3":{"start":{"line":28,"column":34},"end":{"line":28,"column":49}},"4":{"start":{"line":29,"column":60},"end":{"line":29,"column":74}},"5":{"start":{"line":31,"column":27},"end":{"line":33,"column":8}},"6":{"start":{"line":32,"column":4},"end":{"line":32,"column":23}},"7":{"start":{"line":35,"column":26},"end":{"line":39,"column":8}},"8":{"start":{"line":36,"column":4},"end":{"line":36,"column":24}},"9":{"start":{"line":38,"column":4},"end":{"line":38,"column":43}},"10":{"start":{"line":41,"column":2},"end":{"line":47,"column":33}},"11":{"start":{"line":42,"column":4},"end":{"line":46,"column":7}},"12":{"start":{"line":49,"column":2},"end":{"line":72,"column":4}}},"fnMap":{"0":{"name":"(anonymous_0)","decl":{"start":{"line":20,"column":36},"end":{"line":20,"column":37}},"loc":{"start":{"line":25,"column":6},"end":{"line":73,"column":1}},"line":25},"1":{"name":"(anonymous_1)","decl":{"start":{"line":31,"column":39},"end":{"line":31,"column":40}},"loc":{"start":{"line":31,"column":45},"end":{"line":33,"column":3}},"line":31},"2":{"name":"(anonymous_2)","decl":{"start":{"line":35,"column":38},"end":{"line":35,"column":39}},"loc":{"start":{"line":35,"column":44},"end":{"line":39,"column":3}},"line":35},"3":{"name":"(anonymous_3)","decl":{"start":{"line":41,"column":12},"end":{"line":41,"column":13}},"loc":{"start":{"line":41,"column":18},"end":{"line":47,"column":3}},"line":41}},"branchMap":{"0":{"loc":{"start":{"line":23,"column":2},"end":{"line":23,"column":21}},"type":"default-arg","locations":[{"start":{"line":23,"column":19},"end":{"line":23,"column":21}}],"line":23},"1":{"loc":{"start":{"line":57,"column":7},"end":{"line":57,"column":33}},"type":"binary-expr","locations":[{"start":{"line":57,"column":7},"end":{"line":57,"column":11}},{"start":{"line":57,"column":15},"end":{"line":57,"column":33}}],"line":57},"2":{"loc":{"start":{"line":66,"column":7},"end":{"line":70,"column":7}},"type":"binary-expr","locations":[{"start":{"line":66,"column":7},"end":{"line":66,"column":12}},{"start":{"line":67,"column":8},"end":{"line":69,"column":16}}],"line":66}},"s":{"0":2,"1":20,"2":20,"3":20,"4":20,"5":20,"6":1,"7":20,"8":2,"9":2,"10":20,"11":12,"12":20},"f":{"0":20,"1":1,"2":2,"3":12},"b":{"0":[20],"1":[20,14],"2":[20,1]},"_coverageSchema":"43e27e138ebf9cfc5966b082cf9a028302ed4184","hash":"7641c018c942f6bb083a3bbbbdb2425bafdd79a5"}
,"/home/burn/GoStack/2020/Study/bootcamp/module03/06-gobarber-web/src/components/ToastContainer/index.tsx": {"path":"/home/burn/GoStack/2020/Study/bootcamp/module03/06-gobarber-web/src/components/ToastContainer/index.tsx","statementMap":{"0":{"start":{"line":11,"column":54},"end":{"line":29,"column":1}},"1":{"start":{"line":12,"column":34},"end":{"line":20,"column":3}},"2":{"start":{"line":14,"column":17},"end":{"line":14,"column":27}},"3":{"start":{"line":22,"column":2},"end":{"line":28,"column":4}},"4":{"start":{"line":25,"column":8},"end":{"line":25,"column":56}}},"fnMap":{"0":{"name":"(anonymous_0)","decl":{"start":{"line":11,"column":54},"end":{"line":11,"column":55}},"loc":{"start":{"line":11,"column":72},"end":{"line":29,"column":1}},"line":11},"1":{"name":"(anonymous_1)","decl":{"start":{"line":14,"column":4},"end":{"line":14,"column":5}},"loc":{"start":{"line":14,"column":17},"end":{"line":14,"column":27}},"line":14},"2":{"name":"(anonymous_2)","decl":{"start":{"line":24,"column":35},"end":{"line":24,"column":36}},"loc":{"start":{"line":25,"column":8},"end":{"line":25,"column":56}},"line":25}},"branchMap":{},"s":{"0":0,"1":0,"2":0,"3":0,"4":0},"f":{"0":0,"1":0,"2":0},"b":{},"hash":"a648c16d73c3d9290aaec6d21fc3095ea4d8dff5"}
,"/home/burn/GoStack/2020/Study/bootcamp/module03/06-gobarber-web/src/components/ToastContainer/Toast/index.tsx": {"path":"/home/burn/GoStack/2020/Study/bootcamp/module03/06-gobarber-web/src/components/ToastContainer/Toast/index.tsx","statementMap":{"0":{"start":{"line":12,"column":14},"end":{"line":16,"column":1}},"1":{"start":{"line":18,"column":36},"end":{"line":47,"column":1}},"2":{"start":{"line":19,"column":26},"end":{"line":19,"column":36}},"3":{"start":{"line":21,"column":2},"end":{"line":29,"column":32}},"4":{"start":{"line":22,"column":18},"end":{"line":24,"column":12}},"5":{"start":{"line":23,"column":6},"end":{"line":23,"column":30}},"6":{"start":{"line":26,"column":4},"end":{"line":28,"column":6}},"7":{"start":{"line":27,"column":6},"end":{"line":27,"column":26}},"8":{"start":{"line":31,"column":2},"end":{"line":46,"column":4}},"9":{"start":{"line":42,"column":29},"end":{"line":42,"column":52}}},"fnMap":{"0":{"name":"(anonymous_0)","decl":{"start":{"line":18,"column":36},"end":{"line":18,"column":37}},"loc":{"start":{"line":18,"column":60},"end":{"line":47,"column":1}},"line":18},"1":{"name":"(anonymous_1)","decl":{"start":{"line":21,"column":12},"end":{"line":21,"column":13}},"loc":{"start":{"line":21,"column":18},"end":{"line":29,"column":3}},"line":21},"2":{"name":"(anonymous_2)","decl":{"start":{"line":22,"column":29},"end":{"line":22,"column":30}},"loc":{"start":{"line":22,"column":35},"end":{"line":24,"column":5}},"line":22},"3":{"name":"(anonymous_3)","decl":{"start":{"line":26,"column":11},"end":{"line":26,"column":12}},"loc":{"start":{"line":26,"column":17},"end":{"line":28,"column":5}},"line":26},"4":{"name":"(anonymous_4)","decl":{"start":{"line":42,"column":23},"end":{"line":42,"column":24}},"loc":{"start":{"line":42,"column":29},"end":{"line":42,"column":52}},"line":42}},"branchMap":{"0":{"loc":{"start":{"line":37,"column":13},"end":{"line":37,"column":35}},"type":"binary-expr","locations":[{"start":{"line":37,"column":13},"end":{"line":37,"column":25}},{"start":{"line":37,"column":29},"end":{"line":37,"column":35}}],"line":37},"1":{"loc":{"start":{"line":40,"column":9},"end":{"line":40,"column":60}},"type":"binary-expr","locations":[{"start":{"line":40,"column":9},"end":{"line":40,"column":28}},{"start":{"line":40,"column":32},"end":{"line":40,"column":60}}],"line":40}},"s":{"0":0,"1":0,"2":0,"3":0,"4":0,"5":0,"6":0,"7":0,"8":0,"9":0},"f":{"0":0,"1":0,"2":0,"3":0,"4":0},"b":{"0":[0,0],"1":[0,0]},"hash":"0cbc2175a644af894874e60299485043f95a072b"}
,"/home/burn/GoStack/2020/Study/bootcamp/module03/06-gobarber-web/src/components/Tooltip/index.tsx": {"path":"/home/burn/GoStack/2020/Study/bootcamp/module03/06-gobarber-web/src/components/Tooltip/index.tsx","statementMap":{"0":{"start":{"line":10,"column":40},"end":{"line":21,"column":1}},"1":{"start":{"line":15,"column":2},"end":{"line":20,"column":4}}},"fnMap":{"0":{"name":"(anonymous_0)","decl":{"start":{"line":10,"column":40},"end":{"line":10,"column":41}},"loc":{"start":{"line":14,"column":6},"end":{"line":21,"column":1}},"line":14}},"branchMap":{"0":{"loc":{"start":{"line":12,"column":2},"end":{"line":12,"column":16}},"type":"default-arg","locations":[{"start":{"line":12,"column":14},"end":{"line":12,"column":16}}],"line":12}},"s":{"0":2,"1":1},"f":{"0":1},"b":{"0":[0]},"_coverageSchema":"43e27e138ebf9cfc5966b082cf9a028302ed4184","hash":"bcc5312d1703572b885de0af96ec0a058551d19f"}
,"/home/burn/GoStack/2020/Study/bootcamp/module03/06-gobarber-web/src/hooks/auth.tsx": {"path":"/home/burn/GoStack/2020/Study/bootcamp/module03/06-gobarber-web/src/hooks/auth.tsx","statementMap":{"0":{"start":{"line":28,"column":20},"end":{"line":28,"column":73}},"1":{"start":{"line":30,"column":38},"end":{"line":88,"column":1}},"2":{"start":{"line":31,"column":26},"end":{"line":43,"column":4}},"3":{"start":{"line":32,"column":18},"end":{"line":32,"column":57}},"4":{"start":{"line":33,"column":17},"end":{"line":33,"column":55}},"5":{"start":{"line":35,"column":4},"end":{"line":40,"column":5}},"6":{"start":{"line":37,"column":6},"end":{"line":37,"column":61}},"7":{"start":{"line":39,"column":6},"end":{"line":39,"column":47}},"8":{"start":{"line":42,"column":4},"end":{"line":42,"column":27}},"9":{"start":{"line":45,"column":17},"end":{"line":60,"column":8}},"10":{"start":{"line":46,"column":21},"end":{"line":49,"column":6}},"11":{"start":{"line":51,"column":28},"end":{"line":51,"column":41}},"12":{"start":{"line":53,"column":4},"end":{"line":53,"column":51}},"13":{"start":{"line":54,"column":4},"end":{"line":54,"column":65}},"14":{"start":{"line":57,"column":4},"end":{"line":57,"column":59}},"15":{"start":{"line":59,"column":4},"end":{"line":59,"column":29}},"16":{"start":{"line":62,"column":18},"end":{"line":67,"column":8}},"17":{"start":{"line":63,"column":4},"end":{"line":63,"column":47}},"18":{"start":{"line":64,"column":4},"end":{"line":64,"column":46}},"19":{"start":{"line":66,"column":4},"end":{"line":66,"column":29}},"20":{"start":{"line":69,"column":21},"end":{"line":79,"column":3}},"21":{"start":{"line":71,"column":6},"end":{"line":71,"column":67}},"22":{"start":{"line":73,"column":6},"end":{"line":76,"column":9}},"23":{"start":{"line":81,"column":2},"end":{"line":87,"column":4}},"24":{"start":{"line":91,"column":18},"end":{"line":91,"column":41}},"25":{"start":{"line":93,"column":2},"end":{"line":93,"column":17}}},"fnMap":{"0":{"name":"(anonymous_0)","decl":{"start":{"line":30,"column":38},"end":{"line":30,"column":39}},"loc":{"start":{"line":30,"column":56},"end":{"line":88,"column":1}},"line":30},"1":{"name":"(anonymous_1)","decl":{"start":{"line":31,"column":46},"end":{"line":31,"column":47}},"loc":{"start":{"line":31,"column":52},"end":{"line":43,"column":3}},"line":31},"2":{"name":"(anonymous_2)","decl":{"start":{"line":45,"column":29},"end":{"line":45,"column":30}},"loc":{"start":{"line":45,"column":60},"end":{"line":60,"column":3}},"line":45},"3":{"name":"(anonymous_3)","decl":{"start":{"line":62,"column":30},"end":{"line":62,"column":31}},"loc":{"start":{"line":62,"column":36},"end":{"line":67,"column":3}},"line":62},"4":{"name":"(anonymous_4)","decl":{"start":{"line":70,"column":4},"end":{"line":70,"column":5}},"loc":{"start":{"line":70,"column":20},"end":{"line":77,"column":5}},"line":70},"5":{"name":"useAuth","decl":{"start":{"line":90,"column":16},"end":{"line":90,"column":23}},"loc":{"start":{"line":90,"column":43},"end":{"line":94,"column":1}},"line":90}},"branchMap":{"0":{"loc":{"start":{"line":35,"column":4},"end":{"line":40,"column":5}},"type":"if","locations":[{"start":{"line":35,"column":4},"end":{"line":40,"column":5}},{"start":{"line":35,"column":4},"end":{"line":40,"column":5}}],"line":35},"1":{"loc":{"start":{"line":35,"column":8},"end":{"line":35,"column":21}},"type":"binary-expr","locations":[{"start":{"line":35,"column":8},"end":{"line":35,"column":13}},{"start":{"line":35,"column":17},"end":{"line":35,"column":21}}],"line":35}},"s":{"0":1,"1":1,"2":7,"3":4,"4":4,"5":4,"6":3,"7":3,"8":1,"9":7,"10":1,"11":1,"12":1,"13":1,"14":1,"15":1,"16":7,"17":1,"18":1,"19":1,"20":7,"21":1,"22":1,"23":7,"24":7,"25":7},"f":{"0":7,"1":4,"2":1,"3":1,"4":1,"5":7},"b":{"0":[3,1],"1":[4,3]},"_coverageSchema":"43e27e138ebf9cfc5966b082cf9a028302ed4184","hash":"eb17e05b75dbb4ad839b4dc75429ebb2623f865e"}
,"/home/burn/GoStack/2020/Study/bootcamp/module03/06-gobarber-web/src/hooks/toast.tsx": {"path":"/home/burn/GoStack/2020/Study/bootcamp/module03/06-gobarber-web/src/hooks/toast.tsx","statementMap":{"0":{"start":{"line":17,"column":21},"end":{"line":17,"column":76}},"1":{"start":{"line":19,"column":32},"end":{"line":48,"column":1}},"2":{"start":{"line":20,"column":34},"end":{"line":20,"column":62}},"3":{"start":{"line":22,"column":19},"end":{"line":36,"column":3}},"4":{"start":{"line":24,"column":17},"end":{"line":24,"column":23}},"5":{"start":{"line":26,"column":20},"end":{"line":31,"column":7}},"6":{"start":{"line":33,"column":6},"end":{"line":33,"column":48}},"7":{"start":{"line":33,"column":29},"end":{"line":33,"column":46}},"8":{"start":{"line":38,"column":22},"end":{"line":40,"column":8}},"9":{"start":{"line":39,"column":4},"end":{"line":39,"column":73}},"10":{"start":{"line":39,"column":27},"end":{"line":39,"column":71}},"11":{"start":{"line":39,"column":53},"end":{"line":39,"column":70}},"12":{"start":{"line":42,"column":2},"end":{"line":47,"column":4}},"13":{"start":{"line":51,"column":18},"end":{"line":51,"column":42}},"14":{"start":{"line":53,"column":2},"end":{"line":55,"column":3}},"15":{"start":{"line":54,"column":4},"end":{"line":54,"column":68}},"16":{"start":{"line":57,"column":2},"end":{"line":57,"column":17}}},"fnMap":{"0":{"name":"(anonymous_0)","decl":{"start":{"line":19,"column":32},"end":{"line":19,"column":33}},"loc":{"start":{"line":19,"column":50},"end":{"line":48,"column":1}},"line":19},"1":{"name":"(anonymous_1)","decl":{"start":{"line":23,"column":4},"end":{"line":23,"column":5}},"loc":{"start":{"line":23,"column":64},"end":{"line":34,"column":5}},"line":23},"2":{"name":"(anonymous_2)","decl":{"start":{"line":33,"column":18},"end":{"line":33,"column":19}},"loc":{"start":{"line":33,"column":29},"end":{"line":33,"column":46}},"line":33},"3":{"name":"(anonymous_3)","decl":{"start":{"line":38,"column":34},"end":{"line":38,"column":35}},"loc":{"start":{"line":38,"column":50},"end":{"line":40,"column":3}},"line":38},"4":{"name":"(anonymous_4)","decl":{"start":{"line":39,"column":16},"end":{"line":39,"column":17}},"loc":{"start":{"line":39,"column":27},"end":{"line":39,"column":71}},"line":39},"5":{"name":"(anonymous_5)","decl":{"start":{"line":39,"column":40},"end":{"line":39,"column":41}},"loc":{"start":{"line":39,"column":53},"end":{"line":39,"column":70}},"line":39},"6":{"name":"useToast","decl":{"start":{"line":50,"column":9},"end":{"line":50,"column":17}},"loc":{"start":{"line":50,"column":38},"end":{"line":58,"column":1}},"line":50}},"branchMap":{"0":{"loc":{"start":{"line":53,"column":2},"end":{"line":55,"column":3}},"type":"if","locations":[{"start":{"line":53,"column":2},"end":{"line":55,"column":3}},{"start":{"line":53,"column":2},"end":{"line":55,"column":3}}],"line":53}},"s":{"0":0,"1":0,"2":0,"3":0,"4":0,"5":0,"6":0,"7":0,"8":0,"9":0,"10":0,"11":0,"12":0,"13":0,"14":0,"15":0,"16":0},"f":{"0":0,"1":0,"2":0,"3":0,"4":0,"5":0,"6":0},"b":{"0":[0,0]},"hash":"40c8b04d032dfd1fd3acfd4a1f7a97dfbc012301"}
,"/home/burn/GoStack/2020/Study/bootcamp/module03/06-gobarber-web/src/pages/Dashboard/index.tsx": {"path":"/home/burn/GoStack/2020/Study/bootcamp/module03/06-gobarber-web/src/pages/Dashboard/index.tsx","statementMap":{"0":{"start":{"line":40,"column":28},"end":{"line":265,"column":1}},"1":{"start":{"line":41,"column":28},"end":{"line":41,"column":37}},"2":{"start":{"line":42,"column":42},"end":{"line":42,"column":62}},"3":{"start":{"line":43,"column":42},"end":{"line":43,"column":62}},"4":{"start":{"line":44,"column":52},"end":{"line":46,"column":7}},"5":{"start":{"line":48,"column":42},"end":{"line":48,"column":69}},"6":{"start":{"line":50,"column":27},"end":{"line":54,"column":8}},"7":{"start":{"line":51,"column":4},"end":{"line":53,"column":5}},"8":{"start":{"line":52,"column":6},"end":{"line":52,"column":27}},"9":{"start":{"line":56,"column":28},"end":{"line":58,"column":8}},"10":{"start":{"line":57,"column":4},"end":{"line":57,"column":27}},"11":{"start":{"line":60,"column":2},"end":{"line":71,"column":30}},"12":{"start":{"line":61,"column":4},"end":{"line":70,"column":9}},"13":{"start":{"line":69,"column":8},"end":{"line":69,"column":44}},"14":{"start":{"line":73,"column":2},"end":{"line":91,"column":21}},"15":{"start":{"line":74,"column":4},"end":{"line":90,"column":9}},"16":{"start":{"line":83,"column":38},"end":{"line":88,"column":10}},"17":{"start":{"line":84,"column":10},"end":{"line":87,"column":12}},"18":{"start":{"line":89,"column":8},"end":{"line":89,"column":47}},"19":{"start":{"line":93,"column":23},"end":{"line":104,"column":39}},"20":{"start":{"line":94,"column":18},"end":{"line":101,"column":8}},"21":{"start":{"line":95,"column":28},"end":{"line":95,"column":56}},"22":{"start":{"line":97,"column":21},"end":{"line":97,"column":47}},"23":{"start":{"line":98,"column":22},"end":{"line":98,"column":45}},"24":{"start":{"line":100,"column":8},"end":{"line":100,"column":51}},"25":{"start":{"line":103,"column":4},"end":{"line":103,"column":17}},"26":{"start":{"line":106,"column":29},"end":{"line":110,"column":20}},"27":{"start":{"line":107,"column":4},"end":{"line":109,"column":7}},"28":{"start":{"line":112,"column":26},"end":{"line":114,"column":20}},"29":{"start":{"line":113,"column":4},"end":{"line":113,"column":58}},"30":{"start":{"line":116,"column":30},"end":{"line":120,"column":20}},"31":{"start":{"line":117,"column":4},"end":{"line":119,"column":7}},"32":{"start":{"line":118,"column":6},"end":{"line":118,"column":56}},"33":{"start":{"line":122,"column":32},"end":{"line":126,"column":20}},"34":{"start":{"line":123,"column":4},"end":{"line":125,"column":7}},"35":{"start":{"line":124,"column":6},"end":{"line":124,"column":57}},"36":{"start":{"line":128,"column":26},"end":{"line":132,"column":20}},"37":{"start":{"line":129,"column":4},"end":{"line":131,"column":6}},"38":{"start":{"line":130,"column":6},"end":{"line":130,"column":53}},"39":{"start":{"line":134,"column":2},"end":{"line":264,"column":4}},"40":{"start":{"line":191,"column":14},"end":{"line":205,"column":28}},"41":{"start":{"line":217,"column":14},"end":{"line":231,"column":28}}},"fnMap":{"0":{"name":"(anonymous_0)","decl":{"start":{"line":40,"column":28},"end":{"line":40,"column":29}},"loc":{"start":{"line":40,"column":34},"end":{"line":265,"column":1}},"line":40},"1":{"name":"(anonymous_1)","decl":{"start":{"line":50,"column":39},"end":{"line":50,"column":40}},"loc":{"start":{"line":50,"column":79},"end":{"line":54,"column":3}},"line":50},"2":{"name":"(anonymous_2)","decl":{"start":{"line":56,"column":40},"end":{"line":56,"column":41}},"loc":{"start":{"line":56,"column":57},"end":{"line":58,"column":3}},"line":56},"3":{"name":"(anonymous_3)","decl":{"start":{"line":60,"column":12},"end":{"line":60,"column":13}},"loc":{"start":{"line":60,"column":18},"end":{"line":71,"column":3}},"line":60},"4":{"name":"(anonymous_4)","decl":{"start":{"line":68,"column":12},"end":{"line":68,"column":13}},"loc":{"start":{"line":68,"column":26},"end":{"line":70,"column":7}},"line":68},"5":{"name":"(anonymous_5)","decl":{"start":{"line":73,"column":12},"end":{"line":73,"column":13}},"loc":{"start":{"line":73,"column":18},"end":{"line":91,"column":3}},"line":73},"6":{"name":"(anonymous_6)","decl":{"start":{"line":82,"column":12},"end":{"line":82,"column":13}},"loc":{"start":{"line":82,"column":26},"end":{"line":90,"column":7}},"line":82},"7":{"name":"(anonymous_7)","decl":{"start":{"line":83,"column":56},"end":{"line":83,"column":57}},"loc":{"start":{"line":83,"column":73},"end":{"line":88,"column":9}},"line":83},"8":{"name":"(anonymous_8)","decl":{"start":{"line":93,"column":31},"end":{"line":93,"column":32}},"loc":{"start":{"line":93,"column":37},"end":{"line":104,"column":3}},"line":93},"9":{"name":"(anonymous_9)","decl":{"start":{"line":95,"column":14},"end":{"line":95,"column":15}},"loc":{"start":{"line":95,"column":28},"end":{"line":95,"column":56}},"line":95},"10":{"name":"(anonymous_10)","decl":{"start":{"line":96,"column":11},"end":{"line":96,"column":12}},"loc":{"start":{"line":96,"column":25},"end":{"line":101,"column":7}},"line":96},"11":{"name":"(anonymous_11)","decl":{"start":{"line":106,"column":37},"end":{"line":106,"column":38}},"loc":{"start":{"line":106,"column":43},"end":{"line":110,"column":3}},"line":106},"12":{"name":"(anonymous_12)","decl":{"start":{"line":112,"column":34},"end":{"line":112,"column":35}},"loc":{"start":{"line":112,"column":40},"end":{"line":114,"column":3}},"line":112},"13":{"name":"(anonymous_13)","decl":{"start":{"line":116,"column":38},"end":{"line":116,"column":39}},"loc":{"start":{"line":116,"column":44},"end":{"line":120,"column":3}},"line":116},"14":{"name":"(anonymous_14)","decl":{"start":{"line":117,"column":31},"end":{"line":117,"column":32}},"loc":{"start":{"line":117,"column":48},"end":{"line":119,"column":5}},"line":117},"15":{"name":"(anonymous_15)","decl":{"start":{"line":122,"column":40},"end":{"line":122,"column":41}},"loc":{"start":{"line":122,"column":46},"end":{"line":126,"column":3}},"line":122},"16":{"name":"(anonymous_16)","decl":{"start":{"line":123,"column":31},"end":{"line":123,"column":32}},"loc":{"start":{"line":123,"column":48},"end":{"line":125,"column":5}},"line":123},"17":{"name":"(anonymous_17)","decl":{"start":{"line":128,"column":34},"end":{"line":128,"column":35}},"loc":{"start":{"line":128,"column":40},"end":{"line":132,"column":3}},"line":128},"18":{"name":"(anonymous_18)","decl":{"start":{"line":129,"column":29},"end":{"line":129,"column":30}},"loc":{"start":{"line":130,"column":6},"end":{"line":130,"column":53}},"line":130},"19":{"name":"(anonymous_19)","decl":{"start":{"line":190,"column":37},"end":{"line":190,"column":38}},"loc":{"start":{"line":191,"column":14},"end":{"line":205,"column":28}},"line":191},"20":{"name":"(anonymous_20)","decl":{"start":{"line":216,"column":39},"end":{"line":216,"column":40}},"loc":{"start":{"line":217,"column":14},"end":{"line":231,"column":28}},"line":217}},"branchMap":{"0":{"loc":{"start":{"line":51,"column":4},"end":{"line":53,"column":5}},"type":"if","locations":[{"start":{"line":51,"column":4},"end":{"line":53,"column":5}},{"start":{"line":51,"column":4},"end":{"line":53,"column":5}}],"line":51},"1":{"loc":{"start":{"line":51,"column":8},"end":{"line":51,"column":50}},"type":"binary-expr","locations":[{"start":{"line":51,"column":8},"end":{"line":51,"column":27}},{"start":{"line":51,"column":31},"end":{"line":51,"column":50}}],"line":51},"2":{"loc":{"start":{"line":161,"column":13},"end":{"line":161,"column":55}},"type":"binary-expr","locations":[{"start":{"line":161,"column":13},"end":{"line":161,"column":34}},{"start":{"line":161,"column":38},"end":{"line":161,"column":55}}],"line":161},"3":{"loc":{"start":{"line":166,"column":11},"end":{"line":182,"column":11}},"type":"binary-expr","locations":[{"start":{"line":166,"column":11},"end":{"line":166,"column":32}},{"start":{"line":166,"column":36},"end":{"line":166,"column":51}},{"start":{"line":167,"column":12},"end":{"line":181,"column":30}}],"line":166},"4":{"loc":{"start":{"line":186,"column":13},"end":{"line":188,"column":13}},"type":"binary-expr","locations":[{"start":{"line":186,"column":13},"end":{"line":186,"column":45}},{"start":{"line":187,"column":14},"end":{"line":187,"column":53}}],"line":186},"5":{"loc":{"start":{"line":212,"column":13},"end":{"line":214,"column":13}},"type":"binary-expr","locations":[{"start":{"line":212,"column":13},"end":{"line":212,"column":45}},{"start":{"line":213,"column":14},"end":{"line":213,"column":53}}],"line":212}},"s":{"0":0,"1":0,"2":0,"3":0,"4":0,"5":0,"6":0,"7":0,"8":0,"9":0,"10":0,"11":0,"12":0,"13":0,"14":0,"15":0,"16":0,"17":0,"18":0,"19":0,"20":0,"21":0,"22":0,"23":0,"24":0,"25":0,"26":0,"27":0,"28":0,"29":0,"30":0,"31":0,"32":0,"33":0,"34":0,"35":0,"36":0,"37":0,"38":0,"39":0,"40":0,"41":0},"f":{"0":0,"1":0,"2":0,"3":0,"4":0,"5":0,"6":0,"7":0,"8":0,"9":0,"10":0,"11":0,"12":0,"13":0,"14":0,"15":0,"16":0,"17":0,"18":0,"19":0,"20":0},"b":{"0":[0,0],"1":[0,0],"2":[0,0],"3":[0,0,0],"4":[0,0],"5":[0,0]},"hash":"42ca8d83e99452ff3b7ed52a49566b2e6e840af8"}
,"/home/burn/GoStack/2020/Study/bootcamp/module03/06-gobarber-web/src/pages/ForgotPassword/index.tsx": {"path":"/home/burn/GoStack/2020/Study/bootcamp/module03/06-gobarber-web/src/pages/ForgotPassword/index.tsx","statementMap":{"0":{"start":{"line":21,"column":33},"end":{"line":104,"column":1}},"1":{"start":{"line":22,"column":32},"end":{"line":22,"column":47}},"2":{"start":{"line":23,"column":18},"end":{"line":23,"column":43}},"3":{"start":{"line":25,"column":23},"end":{"line":25,"column":33}},"4":{"start":{"line":28,"column":23},"end":{"line":77,"column":3}},"5":{"start":{"line":30,"column":6},"end":{"line":74,"column":7}},"6":{"start":{"line":31,"column":8},"end":{"line":31,"column":25}},"7":{"start":{"line":33,"column":8},"end":{"line":33,"column":39}},"8":{"start":{"line":35,"column":23},"end":{"line":39,"column":10}},"9":{"start":{"line":41,"column":8},"end":{"line":44,"column":11}},"10":{"start":{"line":48,"column":8},"end":{"line":48,"column":66}},"11":{"start":{"line":50,"column":8},"end":{"line":55,"column":11}},"12":{"start":{"line":59,"column":8},"end":{"line":65,"column":9}},"13":{"start":{"line":60,"column":25},"end":{"line":60,"column":49}},"14":{"start":{"line":62,"column":10},"end":{"line":62,"column":45}},"15":{"start":{"line":64,"column":10},"end":{"line":64,"column":17}},"16":{"start":{"line":66,"column":8},"end":{"line":71,"column":11}},"17":{"start":{"line":73,"column":8},"end":{"line":73,"column":26}},"18":{"start":{"line":79,"column":2},"end":{"line":103,"column":4}}},"fnMap":{"0":{"name":"(anonymous_0)","decl":{"start":{"line":21,"column":33},"end":{"line":21,"column":34}},"loc":{"start":{"line":21,"column":39},"end":{"line":104,"column":1}},"line":21},"1":{"name":"(anonymous_1)","decl":{"start":{"line":29,"column":4},"end":{"line":29,"column":5}},"loc":{"start":{"line":29,"column":44},"end":{"line":75,"column":5}},"line":29}},"branchMap":{"0":{"loc":{"start":{"line":59,"column":8},"end":{"line":65,"column":9}},"type":"if","locations":[{"start":{"line":59,"column":8},"end":{"line":65,"column":9}},{"start":{"line":59,"column":8},"end":{"line":65,"column":9}}],"line":59}},"s":{"0":0,"1":0,"2":0,"3":0,"4":0,"5":0,"6":0,"7":0,"8":0,"9":0,"10":0,"11":0,"12":0,"13":0,"14":0,"15":0,"16":0,"17":0,"18":0},"f":{"0":0,"1":0},"b":{"0":[0,0]},"hash":"2c05f81d8c51f309b47872a8f3f0315df2e1b60d"}
,"/home/burn/GoStack/2020/Study/bootcamp/module03/06-gobarber-web/src/pages/Profile/index.tsx": {"path":"/home/burn/GoStack/2020/Study/bootcamp/module03/06-gobarber-web/src/pages/Profile/index.tsx","statementMap":{"0":{"start":{"line":24,"column":26},"end":{"line":193,"column":1}},"1":{"start":{"line":25,"column":18},"end":{"line":25,"column":43}},"2":{"start":{"line":26,"column":31},"end":{"line":26,"column":40}},"3":{"start":{"line":28,"column":23},"end":{"line":28,"column":33}},"4":{"start":{"line":29,"column":18},"end":{"line":29,"column":30}},"5":{"start":{"line":31,"column":23},"end":{"line":111,"column":3}},"6":{"start":{"line":33,"column":6},"end":{"line":108,"column":7}},"7":{"start":{"line":34,"column":8},"end":{"line":34,"column":39}},"8":{"start":{"line":36,"column":23},"end":{"line":56,"column":10}},"9":{"start":{"line":44,"column":25},"end":{"line":44,"column":37}},"10":{"start":{"line":51,"column":27},"end":{"line":51,"column":39}},"11":{"start":{"line":58,"column":8},"end":{"line":61,"column":11}},"12":{"start":{"line":69,"column":12},"end":{"line":69,"column":16}},"13":{"start":{"line":71,"column":25},"end":{"line":81,"column":9}},"14":{"start":{"line":83,"column":25},"end":{"line":83,"column":60}},"15":{"start":{"line":85,"column":8},"end":{"line":85,"column":34}},"16":{"start":{"line":87,"column":8},"end":{"line":87,"column":35}},"17":{"start":{"line":89,"column":8},"end":{"line":93,"column":11}},"18":{"start":{"line":95,"column":8},"end":{"line":101,"column":9}},"19":{"start":{"line":96,"column":25},"end":{"line":96,"column":49}},"20":{"start":{"line":98,"column":10},"end":{"line":98,"column":45}},"21":{"start":{"line":100,"column":10},"end":{"line":100,"column":17}},"22":{"start":{"line":102,"column":8},"end":{"line":107,"column":11}},"23":{"start":{"line":113,"column":29},"end":{"line":131,"column":3}},"24":{"start":{"line":115,"column":6},"end":{"line":128,"column":7}},"25":{"start":{"line":116,"column":21},"end":{"line":116,"column":35}},"26":{"start":{"line":118,"column":8},"end":{"line":118,"column":49}},"27":{"start":{"line":120,"column":8},"end":{"line":127,"column":11}},"28":{"start":{"line":121,"column":10},"end":{"line":121,"column":36}},"29":{"start":{"line":123,"column":10},"end":{"line":126,"column":13}},"30":{"start":{"line":133,"column":2},"end":{"line":192,"column":4}}},"fnMap":{"0":{"name":"(anonymous_0)","decl":{"start":{"line":24,"column":26},"end":{"line":24,"column":27}},"loc":{"start":{"line":24,"column":32},"end":{"line":193,"column":1}},"line":24},"1":{"name":"(anonymous_1)","decl":{"start":{"line":32,"column":4},"end":{"line":32,"column":5}},"loc":{"start":{"line":32,"column":37},"end":{"line":109,"column":5}},"line":32},"2":{"name":"(anonymous_2)","decl":{"start":{"line":44,"column":16},"end":{"line":44,"column":17}},"loc":{"start":{"line":44,"column":25},"end":{"line":44,"column":37}},"line":44},"3":{"name":"(anonymous_3)","decl":{"start":{"line":51,"column":18},"end":{"line":51,"column":19}},"loc":{"start":{"line":51,"column":27},"end":{"line":51,"column":39}},"line":51},"4":{"name":"(anonymous_4)","decl":{"start":{"line":114,"column":4},"end":{"line":114,"column":5}},"loc":{"start":{"line":114,"column":42},"end":{"line":129,"column":5}},"line":114},"5":{"name":"(anonymous_5)","decl":{"start":{"line":120,"column":46},"end":{"line":120,"column":47}},"loc":{"start":{"line":120,"column":60},"end":{"line":127,"column":9}},"line":120}},"branchMap":{"0":{"loc":{"start":{"line":74,"column":14},"end":{"line":80,"column":16}},"type":"cond-expr","locations":[{"start":{"line":75,"column":14},"end":{"line":79,"column":15}},{"start":{"line":80,"column":14},"end":{"line":80,"column":16}}],"line":74},"1":{"loc":{"start":{"line":95,"column":8},"end":{"line":101,"column":9}},"type":"if","locations":[{"start":{"line":95,"column":8},"end":{"line":101,"column":9}},{"start":{"line":95,"column":8},"end":{"line":101,"column":9}}],"line":95},"2":{"loc":{"start":{"line":115,"column":6},"end":{"line":128,"column":7}},"type":"if","locations":[{"start":{"line":115,"column":6},"end":{"line":128,"column":7}},{"start":{"line":115,"column":6},"end":{"line":128,"column":7}}],"line":115}},"s":{"0":0,"1":0,"2":0,"3":0,"4":0,"5":0,"6":0,"7":0,"8":0,"9":0,"10":0,"11":0,"12":0,"13":0,"14":0,"15":0,"16":0,"17":0,"18":0,"19":0,"20":0,"21":0,"22":0,"23":0,"24":0,"25":0,"26":0,"27":0,"28":0,"29":0,"30":0},"f":{"0":0,"1":0,"2":0,"3":0,"4":0,"5":0},"b":{"0":[0,0],"1":[0,0],"2":[0,0]},"hash":"f5e0048dd8d5751b1ad8eda52ce3d8f1103d094b"}
,"/home/burn/GoStack/2020/Study/bootcamp/module03/06-gobarber-web/src/pages/ResetPassword/index.tsx": {"path":"/home/burn/GoStack/2020/Study/bootcamp/module03/06-gobarber-web/src/pages/ResetPassword/index.tsx","statementMap":{"0":{"start":{"line":23,"column":32},"end":{"line":111,"column":1}},"1":{"start":{"line":24,"column":18},"end":{"line":24,"column":43}},"2":{"start":{"line":26,"column":23},"end":{"line":26,"column":33}},"3":{"start":{"line":27,"column":18},"end":{"line":27,"column":30}},"4":{"start":{"line":28,"column":19},"end":{"line":28,"column":32}},"5":{"start":{"line":30,"column":23},"end":{"line":79,"column":3}},"6":{"start":{"line":32,"column":6},"end":{"line":76,"column":7}},"7":{"start":{"line":33,"column":8},"end":{"line":33,"column":39}},"8":{"start":{"line":35,"column":23},"end":{"line":41,"column":10}},"9":{"start":{"line":43,"column":8},"end":{"line":46,"column":11}},"10":{"start":{"line":48,"column":52},"end":{"line":48,"column":56}},"11":{"start":{"line":49,"column":22},"end":{"line":49,"column":60}},"12":{"start":{"line":51,"column":8},"end":{"line":53,"column":9}},"13":{"start":{"line":52,"column":10},"end":{"line":52,"column":28}},"14":{"start":{"line":55,"column":8},"end":{"line":59,"column":11}},"15":{"start":{"line":61,"column":8},"end":{"line":61,"column":26}},"16":{"start":{"line":63,"column":8},"end":{"line":69,"column":9}},"17":{"start":{"line":64,"column":25},"end":{"line":64,"column":49}},"18":{"start":{"line":66,"column":10},"end":{"line":66,"column":45}},"19":{"start":{"line":68,"column":10},"end":{"line":68,"column":17}},"20":{"start":{"line":70,"column":8},"end":{"line":75,"column":11}},"21":{"start":{"line":81,"column":2},"end":{"line":110,"column":4}}},"fnMap":{"0":{"name":"(anonymous_0)","decl":{"start":{"line":23,"column":32},"end":{"line":23,"column":33}},"loc":{"start":{"line":23,"column":38},"end":{"line":111,"column":1}},"line":23},"1":{"name":"(anonymous_1)","decl":{"start":{"line":31,"column":4},"end":{"line":31,"column":5}},"loc":{"start":{"line":31,"column":43},"end":{"line":77,"column":5}},"line":31}},"branchMap":{"0":{"loc":{"start":{"line":51,"column":8},"end":{"line":53,"column":9}},"type":"if","locations":[{"start":{"line":51,"column":8},"end":{"line":53,"column":9}},{"start":{"line":51,"column":8},"end":{"line":53,"column":9}}],"line":51},"1":{"loc":{"start":{"line":63,"column":8},"end":{"line":69,"column":9}},"type":"if","locations":[{"start":{"line":63,"column":8},"end":{"line":69,"column":9}},{"start":{"line":63,"column":8},"end":{"line":69,"column":9}}],"line":63}},"s":{"0":0,"1":0,"2":0,"3":0,"4":0,"5":0,"6":0,"7":0,"8":0,"9":0,"10":0,"11":0,"12":0,"13":0,"14":0,"15":0,"16":0,"17":0,"18":0,"19":0,"20":0,"21":0},"f":{"0":0,"1":0},"b":{"0":[0,0],"1":[0,0]},"hash":"899602b0a3e3d06d532b4fcd6a18cd2c33c3565d"}
,"/home/burn/GoStack/2020/Study/bootcamp/module03/06-gobarber-web/src/pages/SignIn/index.tsx": {"path":"/home/burn/GoStack/2020/Study/bootcamp/module03/06-gobarber-web/src/pages/SignIn/index.tsx","statementMap":{"0":{"start":{"line":22,"column":25},"end":{"line":101,"column":1}},"1":{"start":{"line":23,"column":18},"end":{"line":23,"column":43}},"2":{"start":{"line":25,"column":21},"end":{"line":25,"column":30}},"3":{"start":{"line":26,"column":23},"end":{"line":26,"column":33}},"4":{"start":{"line":27,"column":18},"end":{"line":27,"column":30}},"5":{"start":{"line":29,"column":23},"end":{"line":67,"column":3}},"6":{"start":{"line":31,"column":6},"end":{"line":64,"column":7}},"7":{"start":{"line":32,"column":8},"end":{"line":32,"column":39}},"8":{"start":{"line":34,"column":23},"end":{"line":39,"column":10}},"9":{"start":{"line":41,"column":8},"end":{"line":44,"column":11}},"10":{"start":{"line":46,"column":8},"end":{"line":49,"column":11}},"11":{"start":{"line":50,"column":8},"end":{"line":50,"column":35}},"12":{"start":{"line":52,"column":8},"end":{"line":58,"column":9}},"13":{"start":{"line":53,"column":25},"end":{"line":53,"column":49}},"14":{"start":{"line":55,"column":10},"end":{"line":55,"column":45}},"15":{"start":{"line":57,"column":10},"end":{"line":57,"column":17}},"16":{"start":{"line":59,"column":8},"end":{"line":63,"column":11}},"17":{"start":{"line":69,"column":2},"end":{"line":100,"column":4}}},"fnMap":{"0":{"name":"(anonymous_0)","decl":{"start":{"line":22,"column":25},"end":{"line":22,"column":26}},"loc":{"start":{"line":22,"column":31},"end":{"line":101,"column":1}},"line":22},"1":{"name":"(anonymous_1)","decl":{"start":{"line":30,"column":4},"end":{"line":30,"column":5}},"loc":{"start":{"line":30,"column":36},"end":{"line":65,"column":5}},"line":30}},"branchMap":{"0":{"loc":{"start":{"line":52,"column":8},"end":{"line":58,"column":9}},"type":"if","locations":[{"start":{"line":52,"column":8},"end":{"line":58,"column":9}},{"start":{"line":52,"column":8},"end":{"line":58,"column":9}}],"line":52}},"s":{"0":1,"1":3,"2":3,"3":3,"4":3,"5":3,"6":3,"7":3,"8":3,"9":3,"10":2,"11":1,"12":2,"13":1,"14":1,"15":1,"16":1,"17":3},"f":{"0":3,"1":3},"b":{"0":[1,1]},"_coverageSchema":"43e27e138ebf9cfc5966b082cf9a028302ed4184","hash":"3319ae45c805eb452493c1ab22058988221291c4"}
,"/home/burn/GoStack/2020/Study/bootcamp/module03/06-gobarber-web/src/pages/SignUp/index.tsx": {"path":"/home/burn/GoStack/2020/Study/bootcamp/module03/06-gobarber-web/src/pages/SignUp/index.tsx","statementMap":{"0":{"start":{"line":23,"column":25},"end":{"line":106,"column":1}},"1":{"start":{"line":24,"column":18},"end":{"line":24,"column":43}},"2":{"start":{"line":26,"column":23},"end":{"line":26,"column":33}},"3":{"start":{"line":27,"column":18},"end":{"line":27,"column":30}},"4":{"start":{"line":29,"column":23},"end":{"line":73,"column":3}},"5":{"start":{"line":31,"column":6},"end":{"line":70,"column":7}},"6":{"start":{"line":32,"column":8},"end":{"line":32,"column":39}},"7":{"start":{"line":34,"column":23},"end":{"line":40,"column":10}},"8":{"start":{"line":42,"column":8},"end":{"line":45,"column":11}},"9":{"start":{"line":47,"column":8},"end":{"line":47,"column":39}},"10":{"start":{"line":49,"column":8},"end":{"line":49,"column":26}},"11":{"start":{"line":51,"column":8},"end":{"line":55,"column":11}},"12":{"start":{"line":57,"column":8},"end":{"line":63,"column":9}},"13":{"start":{"line":58,"column":25},"end":{"line":58,"column":49}},"14":{"start":{"line":60,"column":10},"end":{"line":60,"column":45}},"15":{"start":{"line":62,"column":10},"end":{"line":62,"column":17}},"16":{"start":{"line":64,"column":8},"end":{"line":69,"column":11}},"17":{"start":{"line":75,"column":2},"end":{"line":105,"column":4}}},"fnMap":{"0":{"name":"(anonymous_0)","decl":{"start":{"line":23,"column":25},"end":{"line":23,"column":26}},"loc":{"start":{"line":23,"column":31},"end":{"line":106,"column":1}},"line":23},"1":{"name":"(anonymous_1)","decl":{"start":{"line":30,"column":4},"end":{"line":30,"column":5}},"loc":{"start":{"line":30,"column":36},"end":{"line":71,"column":5}},"line":30}},"branchMap":{"0":{"loc":{"start":{"line":57,"column":8},"end":{"line":63,"column":9}},"type":"if","locations":[{"start":{"line":57,"column":8},"end":{"line":63,"column":9}},{"start":{"line":57,"column":8},"end":{"line":63,"column":9}}],"line":57}},"s":{"0":0,"1":0,"2":0,"3":0,"4":0,"5":0,"6":0,"7":0,"8":0,"9":0,"10":0,"11":0,"12":0,"13":0,"14":0,"15":0,"16":0,"17":0},"f":{"0":0,"1":0},"b":{"0":[0,0]},"hash":"343d303b359dcc208d4efad19dfd9af79e105d7b"}
}
