TN:
SF:/home/burn/GoStack/2020/Study/bootcamp/module03/06-gobarber-web/src/components/Button/index.tsx
FN:9,(anonymous_0)
FNF:1
FNH:1
FNDA:3,(anonymous_0)
DA:9,1
DA:10,3
LF:2
LH:2
BRDA:11,0,0,0
BRDA:11,0,1,3
BRF:2
BRH:1
end_of_record
TN:
SF:/home/burn/GoStack/2020/Study/bootcamp/module03/06-gobarber-web/src/components/Input/index.tsx
FN:20,(anonymous_0)
FN:31,(anonymous_1)
FN:35,(anonymous_2)
FN:41,(anonymous_3)
FNF:4
FNH:4
FNDA:20,(anonymous_0)
FNDA:1,(anonymous_1)
FNDA:2,(anonymous_2)
FNDA:12,(anonymous_3)
DA:20,2
DA:26,20
DA:27,20
DA:28,20
DA:29,20
DA:31,20
DA:32,1
DA:35,20
DA:36,2
DA:38,2
DA:41,20
DA:42,12
DA:49,20
LF:13
LH:13
BRDA:23,0,0,20
BRDA:57,1,0,20
BRDA:57,1,1,14
BRDA:66,2,0,20
BRDA:66,2,1,1
BRF:5
BRH:5
end_of_record
TN:
SF:/home/burn/GoStack/2020/Study/bootcamp/module03/06-gobarber-web/src/components/ToastContainer/index.tsx
FN:11,(anonymous_0)
FN:14,(anonymous_1)
FN:24,(anonymous_2)
FNF:3
FNH:0
FNDA:0,(anonymous_0)
FNDA:0,(anonymous_1)
FNDA:0,(anonymous_2)
DA:11,0
DA:12,0
DA:14,0
DA:22,0
DA:25,0
LF:5
LH:0
BRF:0
BRH:0
end_of_record
TN:
SF:/home/burn/GoStack/2020/Study/bootcamp/module03/06-gobarber-web/src/components/ToastContainer/Toast/index.tsx
FN:18,(anonymous_0)
FN:21,(anonymous_1)
FN:22,(anonymous_2)
FN:26,(anonymous_3)
FN:42,(anonymous_4)
FNF:5
FNH:0
FNDA:0,(anonymous_0)
FNDA:0,(anonymous_1)
FNDA:0,(anonymous_2)
FNDA:0,(anonymous_3)
FNDA:0,(anonymous_4)
DA:12,0
DA:18,0
DA:19,0
DA:21,0
DA:22,0
DA:23,0
DA:26,0
DA:27,0
DA:31,0
DA:42,0
LF:10
LH:0
BRDA:37,0,0,0
BRDA:37,0,1,0
BRDA:40,1,0,0
BRDA:40,1,1,0
BRF:4
BRH:0
end_of_record
TN:
SF:/home/burn/GoStack/2020/Study/bootcamp/module03/06-gobarber-web/src/components/Tooltip/index.tsx
FN:10,(anonymous_0)
FNF:1
FNH:1
FNDA:1,(anonymous_0)
DA:10,2
DA:15,1
LF:2
LH:2
BRDA:12,0,0,0
BRF:1
BRH:0
end_of_record
TN:
SF:/home/burn/GoStack/2020/Study/bootcamp/module03/06-gobarber-web/src/hooks/auth.tsx
FN:30,(anonymous_0)
FN:31,(anonymous_1)
FN:45,(anonymous_2)
FN:62,(anonymous_3)
FN:70,(anonymous_4)
FN:90,useAuth
FNF:6
FNH:6
FNDA:7,(anonymous_0)
FNDA:4,(anonymous_1)
FNDA:1,(anonymous_2)
FNDA:1,(anonymous_3)
FNDA:1,(anonymous_4)
FNDA:7,useAuth
DA:28,1
DA:30,1
DA:31,7
DA:32,4
DA:33,4
DA:35,4
DA:37,3
DA:39,3
DA:42,1
DA:45,7
DA:46,1
DA:51,1
DA:53,1
DA:54,1
DA:57,1
DA:59,1
DA:62,7
DA:63,1
DA:64,1
DA:66,1
DA:69,7
DA:71,1
DA:73,1
DA:81,7
DA:91,7
DA:93,7
LF:26
LH:26
BRDA:35,0,0,3
BRDA:35,0,1,1
BRDA:35,1,0,4
BRDA:35,1,1,3
BRF:4
BRH:4
end_of_record
TN:
SF:/home/burn/GoStack/2020/Study/bootcamp/module03/06-gobarber-web/src/hooks/toast.tsx
FN:19,(anonymous_0)
FN:23,(anonymous_1)
FN:33,(anonymous_2)
FN:38,(anonymous_3)
FN:39,(anonymous_4)
FN:39,(anonymous_5)
FN:50,useToast
FNF:7
FNH:0
FNDA:0,(anonymous_0)
FNDA:0,(anonymous_1)
FNDA:0,(anonymous_2)
FNDA:0,(anonymous_3)
FNDA:0,(anonymous_4)
FNDA:0,(anonymous_5)
FNDA:0,useToast
DA:17,0
DA:19,0
DA:20,0
DA:22,0
DA:24,0
DA:26,0
DA:33,0
DA:38,0
DA:39,0
DA:42,0
DA:51,0
DA:53,0
DA:54,0
DA:57,0
LF:14
LH:0
BRDA:53,0,0,0
BRDA:53,0,1,0
BRF:2
BRH:0
end_of_record
TN:
SF:/home/burn/GoStack/2020/Study/bootcamp/module03/06-gobarber-web/src/pages/Dashboard/index.tsx
FN:40,(anonymous_0)
FN:50,(anonymous_1)
FN:56,(anonymous_2)
FN:60,(anonymous_3)
FN:68,(anonymous_4)
FN:73,(anonymous_5)
FN:82,(anonymous_6)
FN:83,(anonymous_7)
FN:93,(anonymous_8)
FN:95,(anonymous_9)
FN:96,(anonymous_10)
FN:106,(anonymous_11)
FN:112,(anonymous_12)
FN:116,(anonymous_13)
FN:117,(anonymous_14)
FN:122,(anonymous_15)
FN:123,(anonymous_16)
FN:128,(anonymous_17)
FN:129,(anonymous_18)
FN:190,(anonymous_19)
FN:216,(anonymous_20)
FNF:21
FNH:0
FNDA:0,(anonymous_0)
FNDA:0,(anonymous_1)
FNDA:0,(anonymous_2)
FNDA:0,(anonymous_3)
FNDA:0,(anonymous_4)
FNDA:0,(anonymous_5)
FNDA:0,(anonymous_6)
FNDA:0,(anonymous_7)
FNDA:0,(anonymous_8)
FNDA:0,(anonymous_9)
FNDA:0,(anonymous_10)
FNDA:0,(anonymous_11)
FNDA:0,(anonymous_12)
FNDA:0,(anonymous_13)
FNDA:0,(anonymous_14)
FNDA:0,(anonymous_15)
FNDA:0,(anonymous_16)
FNDA:0,(anonymous_17)
FNDA:0,(anonymous_18)
FNDA:0,(anonymous_19)
FNDA:0,(anonymous_20)
DA:40,0
DA:41,0
DA:42,0
DA:43,0
DA:44,0
DA:48,0
DA:50,0
DA:51,0
DA:52,0
DA:56,0
DA:57,0
DA:60,0
DA:61,0
DA:69,0
DA:73,0
DA:74,0
DA:83,0
DA:84,0
DA:89,0
DA:93,0
DA:94,0
DA:95,0
DA:97,0
DA:98,0
DA:100,0
DA:103,0
DA:106,0
DA:107,0
DA:112,0
DA:113,0
DA:116,0
DA:117,0
DA:118,0
DA:122,0
DA:123,0
DA:124,0
DA:128,0
DA:129,0
DA:130,0
DA:134,0
DA:191,0
DA:217,0
LF:42
LH:0
BRDA:51,0,0,0
BRDA:51,0,1,0
BRDA:51,1,0,0
BRDA:51,1,1,0
BRDA:161,2,0,0
BRDA:161,2,1,0
BRDA:166,3,0,0
BRDA:166,3,1,0
BRDA:166,3,2,0
BRDA:186,4,0,0
BRDA:186,4,1,0
BRDA:212,5,0,0
BRDA:212,5,1,0
BRF:13
BRH:0
end_of_record
TN:
SF:/home/burn/GoStack/2020/Study/bootcamp/module03/06-gobarber-web/src/pages/ForgotPassword/index.tsx
FN:21,(anonymous_0)
FN:29,(anonymous_1)
FNF:2
FNH:0
FNDA:0,(anonymous_0)
FNDA:0,(anonymous_1)
DA:21,0
DA:22,0
DA:23,0
DA:25,0
DA:28,0
DA:30,0
DA:31,0
DA:33,0
DA:35,0
DA:41,0
DA:48,0
DA:50,0
DA:59,0
DA:60,0
DA:62,0
DA:64,0
DA:66,0
DA:73,0
DA:79,0
LF:19
LH:0
BRDA:59,0,0,0
BRDA:59,0,1,0
BRF:2
BRH:0
end_of_record
TN:
SF:/home/burn/GoStack/2020/Study/bootcamp/module03/06-gobarber-web/src/pages/Profile/index.tsx
FN:24,(anonymous_0)
FN:32,(anonymous_1)
FN:44,(anonymous_2)
FN:51,(anonymous_3)
FN:114,(anonymous_4)
FN:120,(anonymous_5)
FNF:6
FNH:0
FNDA:0,(anonymous_0)
FNDA:0,(anonymous_1)
FNDA:0,(anonymous_2)
FNDA:0,(anonymous_3)
FNDA:0,(anonymous_4)
FNDA:0,(anonymous_5)
DA:24,0
DA:25,0
DA:26,0
DA:28,0
DA:29,0
DA:31,0
DA:33,0
DA:34,0
DA:36,0
DA:44,0
DA:51,0
DA:58,0
DA:69,0
DA:71,0
DA:83,0
DA:85,0
DA:87,0
DA:89,0
DA:95,0
DA:96,0
DA:98,0
DA:100,0
DA:102,0
DA:113,0
DA:115,0
DA:116,0
DA:118,0
DA:120,0
DA:121,0
DA:123,0
DA:133,0
LF:31
LH:0
BRDA:74,0,0,0
BRDA:74,0,1,0
BRDA:95,1,0,0
BRDA:95,1,1,0
BRDA:115,2,0,0
BRDA:115,2,1,0
BRF:6
BRH:0
end_of_record
TN:
SF:/home/burn/GoStack/2020/Study/bootcamp/module03/06-gobarber-web/src/pages/ResetPassword/index.tsx
FN:23,(anonymous_0)
FN:31,(anonymous_1)
FNF:2
FNH:0
FNDA:0,(anonymous_0)
FNDA:0,(anonymous_1)
DA:23,0
DA:24,0
DA:26,0
DA:27,0
DA:28,0
DA:30,0
DA:32,0
DA:33,0
DA:35,0
DA:43,0
DA:48,0
DA:49,0
DA:51,0
DA:52,0
DA:55,0
DA:61,0
DA:63,0
DA:64,0
DA:66,0
DA:68,0
DA:70,0
DA:81,0
LF:22
LH:0
BRDA:51,0,0,0
BRDA:51,0,1,0
BRDA:63,1,0,0
BRDA:63,1,1,0
BRF:4
BRH:0
end_of_record
TN:
SF:/home/burn/GoStack/2020/Study/bootcamp/module03/06-gobarber-web/src/pages/SignIn/index.tsx
FN:22,(anonymous_0)
FN:30,(anonymous_1)
FNF:2
FNH:2
FNDA:3,(anonymous_0)
FNDA:3,(anonymous_1)
DA:22,1
DA:23,3
DA:25,3
DA:26,3
DA:27,3
DA:29,3
DA:31,3
DA:32,3
DA:34,3
DA:41,3
DA:46,2
DA:50,1
DA:52,2
DA:53,1
DA:55,1
DA:57,1
DA:59,1
DA:69,3
LF:18
LH:18
BRDA:52,0,0,1
BRDA:52,0,1,1
BRF:2
BRH:2
end_of_record
TN:
SF:/home/burn/GoStack/2020/Study/bootcamp/module03/06-gobarber-web/src/pages/SignUp/index.tsx
FN:23,(anonymous_0)
FN:30,(anonymous_1)
FNF:2
FNH:0
FNDA:0,(anonymous_0)
FNDA:0,(anonymous_1)
DA:23,0
DA:24,0
DA:26,0
DA:27,0
DA:29,0
DA:31,0
DA:32,0
DA:34,0
DA:42,0
DA:47,0
DA:49,0
DA:51,0
DA:57,0
DA:58,0
DA:60,0
DA:62,0
DA:64,0
DA:75,0
LF:18
LH:0
BRDA:57,0,0,0
BRDA:57,0,1,0
BRF:2
BRH:0
end_of_record
